<?xml version="1.0" encoding="UTF-8"?>
<testng-results ignored="24" total="26" passed="2" failed="0" skipped="0">
  <reporter-output>
  </reporter-output>
  <suite started-at="2022-03-24T15:06:40 IST" name="Suite" finished-at="2022-03-24T15:07:18 IST" duration-ms="38452">
    <groups>
      <group name="regression testing">
        <method signature="CreateOpportunitiesTC_19Test.createOpportunities()[pri:0, instance:opportunitiestest.CreateOpportunitiesTC_19Test@47af7f3d]" name="createOpportunities" class="opportunitiestest.CreateOpportunitiesTC_19Test"/>
        <method signature="CreateOrganizationWithIndustryTest.CreateOrganizationWithIndustry()[pri:0, instance:organizationtest.CreateOrganizationWithIndustryTest@7c729a55]" name="CreateOrganizationWithIndustry" class="organizationtest.CreateOrganizationWithIndustryTest"/>
      </group> <!-- regression testing -->
    </groups>
    <test started-at="2022-03-24T15:06:40 IST" name="Test" finished-at="2022-03-24T15:07:18 IST" duration-ms="38452">
      <class name="contactstest.CreateContactTest">
        <test-method is-config="true" signature="bs()[pri:0, instance:contactstest.CreateContactTest@5fdcaa40]" started-at="2022-03-24T15:06:40 IST" name="bs" finished-at="2022-03-24T15:06:40 IST" duration-ms="18" status="PASS">
          <reporter-output>
          </reporter-output>
        </test-method> <!-- bs -->
        <test-method is-config="true" signature="bt()[pri:0, instance:contactstest.CreateContactTest@5fdcaa40]" started-at="2022-03-24T15:06:40 IST" name="bt" finished-at="2022-03-24T15:06:40 IST" duration-ms="0" status="PASS">
          <reporter-output>
          </reporter-output>
        </test-method> <!-- bt -->
        <test-method is-config="true" signature="at()[pri:0, instance:contactstest.CreateContactTest@5fdcaa40]" started-at="2022-03-24T15:07:18 IST" name="at" finished-at="2022-03-24T15:07:18 IST" duration-ms="0" status="PASS">
          <reporter-output>
          </reporter-output>
        </test-method> <!-- at -->
        <test-method is-config="true" signature="as()[pri:0, instance:contactstest.CreateContactTest@5fdcaa40]" started-at="2022-03-24T15:07:18 IST" name="as" finished-at="2022-03-24T15:07:18 IST" duration-ms="0" status="PASS">
          <reporter-output>
          </reporter-output>
        </test-method> <!-- as -->
      </class> <!-- contactstest.CreateContactTest -->
      <class name="organizationtest.CreateOrganizationWithIndustryTest">
        <test-method is-config="true" signature="bc()[pri:0, instance:organizationtest.CreateOrganizationWithIndustryTest@7c729a55]" started-at="2022-03-24T15:07:00 IST" name="bc" finished-at="2022-03-24T15:07:03 IST" duration-ms="2279" status="PASS">
          <reporter-output>
          </reporter-output>
        </test-method> <!-- bc -->
        <test-method is-config="true" signature="bm()[pri:0, instance:organizationtest.CreateOrganizationWithIndustryTest@7c729a55]" started-at="2022-03-24T15:07:03 IST" name="bm" finished-at="2022-03-24T15:07:06 IST" duration-ms="3031" status="PASS">
          <reporter-output>
          </reporter-output>
        </test-method> <!-- bm -->
        <test-method signature="CreateOrganizationWithIndustry()[pri:0, instance:organizationtest.CreateOrganizationWithIndustryTest@7c729a55]" started-at="2022-03-24T15:07:06 IST" name="CreateOrganizationWithIndustry" finished-at="2022-03-24T15:07:17 IST" duration-ms="11071" status="PASS">
          <reporter-output>
          </reporter-output>
        </test-method> <!-- CreateOrganizationWithIndustry -->
        <test-method is-config="true" signature="am()[pri:0, instance:organizationtest.CreateOrganizationWithIndustryTest@7c729a55]" started-at="2022-03-24T15:07:17 IST" name="am" finished-at="2022-03-24T15:07:18 IST" duration-ms="1362" status="PASS">
          <reporter-output>
          </reporter-output>
        </test-method> <!-- am -->
        <test-method is-config="true" signature="ac()[pri:0, instance:organizationtest.CreateOrganizationWithIndustryTest@7c729a55]" started-at="2022-03-24T15:07:18 IST" name="ac" finished-at="2022-03-24T15:07:18 IST" duration-ms="275" status="PASS">
          <reporter-output>
          </reporter-output>
        </test-method> <!-- ac -->
      </class> <!-- organizationtest.CreateOrganizationWithIndustryTest -->
      <class name="opportunitiestest.CreateOpportunitiesTC_19Test">
        <test-method is-config="true" signature="bc()[pri:0, instance:opportunitiestest.CreateOpportunitiesTC_19Test@47af7f3d]" started-at="2022-03-24T15:06:40 IST" name="bc" finished-at="2022-03-24T15:06:43 IST" duration-ms="3498" status="PASS">
          <reporter-output>
          </reporter-output>
        </test-method> <!-- bc -->
        <test-method is-config="true" signature="bm()[pri:0, instance:opportunitiestest.CreateOpportunitiesTC_19Test@47af7f3d]" started-at="2022-03-24T15:06:44 IST" name="bm" finished-at="2022-03-24T15:06:46 IST" duration-ms="2916" status="PASS">
          <reporter-output>
          </reporter-output>
        </test-method> <!-- bm -->
        <test-method signature="createOpportunities()[pri:0, instance:opportunitiestest.CreateOpportunitiesTC_19Test@47af7f3d]" started-at="2022-03-24T15:06:46 IST" name="createOpportunities" finished-at="2022-03-24T15:06:58 IST" duration-ms="12041" status="PASS">
          <reporter-output>
          </reporter-output>
        </test-method> <!-- createOpportunities -->
        <test-method is-config="true" signature="am()[pri:0, instance:opportunitiestest.CreateOpportunitiesTC_19Test@47af7f3d]" started-at="2022-03-24T15:06:58 IST" name="am" finished-at="2022-03-24T15:07:00 IST" duration-ms="1641" status="PASS">
          <reporter-output>
          </reporter-output>
        </test-method> <!-- am -->
        <test-method is-config="true" signature="ac()[pri:0, instance:opportunitiestest.CreateOpportunitiesTC_19Test@47af7f3d]" started-at="2022-03-24T15:07:00 IST" name="ac" finished-at="2022-03-24T15:07:00 IST" duration-ms="279" status="PASS">
          <reporter-output>
          </reporter-output>
        </test-method> <!-- ac -->
      </class> <!-- opportunitiestest.CreateOpportunitiesTC_19Test -->
    </test> <!-- Test -->
  </suite> <!-- Suite -->
</testng-results>
