<?xml version="1.0" encoding="UTF-8"?>
<testng-results ignored="0" total="1" passed="1" failed="0" skipped="0">
  <reporter-output>
  </reporter-output>
  <suite started-at="2022-03-24T14:18:05 IST" name="Default suite" finished-at="2022-03-24T14:18:05 IST" duration-ms="105">
    <groups>
    </groups>
    <test started-at="2022-03-24T14:18:05 IST" name="Default test" finished-at="2022-03-24T14:18:05 IST" duration-ms="105">
      <class name="com.crm.vitigersample.SamplecheckTest">
        <test-method signature="check()[pri:0, instance:com.crm.vitigersample.SamplecheckTest@41fecb8b]" started-at="2022-03-24T14:18:05 IST" name="check" finished-at="2022-03-24T14:18:05 IST" duration-ms="19" status="PASS">
          <reporter-output>
          </reporter-output>
        </test-method> <!-- check -->
      </class> <!-- com.crm.vitigersample.SamplecheckTest -->
    </test> <!-- Default test -->
  </suite> <!-- Default suite -->
</testng-results>
