<?xml version="1.0" encoding="UTF-8"?>
<testng-results ignored="0" total="2" passed="2" failed="0" skipped="0">
  <reporter-output>
  </reporter-output>
  <suite started-at="2022-03-24T12:19:33 IST" name="Default suite" finished-at="2022-03-24T12:19:33 IST" duration-ms="92">
    <groups>
    </groups>
    <test started-at="2022-03-24T12:19:33 IST" name="Default test" finished-at="2022-03-24T12:19:33 IST" duration-ms="92">
      <class name="com.crm.vitigersample.CreatorgsampleTest">
        <test-method signature="Createorg2()[pri:0, instance:com.crm.vitigersample.CreatorgsampleTest@3e92efc3]" started-at="2022-03-24T12:19:33 IST" name="Createorg2" finished-at="2022-03-24T12:19:33 IST" duration-ms="13" status="PASS">
          <reporter-output>
          </reporter-output>
        </test-method> <!-- Createorg2 -->
        <test-method signature="Creatorg()[pri:0, instance:com.crm.vitigersample.CreatorgsampleTest@3e92efc3]" started-at="2022-03-24T12:19:33 IST" name="Creatorg" finished-at="2022-03-24T12:19:33 IST" duration-ms="3" status="PASS">
          <reporter-output>
          </reporter-output>
        </test-method> <!-- Creatorg -->
      </class> <!-- com.crm.vitigersample.CreatorgsampleTest -->
    </test> <!-- Default test -->
  </suite> <!-- Default suite -->
</testng-results>
