<?xml version="1.0" encoding="UTF-8"?>
<!-- Generated by org.testng.reporters.JUnitXMLReporter -->
<testsuite ignored="24" hostname="RavikiranDESKTOP-GLPREHU" failures="0" tests="2" name="Test" time="38.452" errors="0" timestamp="2022-03-24T15:07:18 IST">
  <testcase classname="opportunitiestest.CreateOpportunitiesTC_19Test" name="createOpportunities" time="12.041"/>
  <testcase classname="organizationtest.CreateOrganizationWithIndustryTest" name="CreateOrganizationWithIndustry" time="11.071"/>
  <testcase classname="productstest.Producttest" name="CreateProduct" time="0.0">
    <ignored/>
  </testcase> <!-- CreateProduct -->
  <testcase classname="com.crm.vitiger.genericutility.BaseClass" name="@AfterSuite as" time="0.0">
    <ignored/>
  </testcase> <!-- @AfterSuite as -->
  <testcase classname="com.crm.vitiger.genericutility.BaseClass" name="@AfterSuite as" time="0.0">
    <ignored/>
  </testcase> <!-- @AfterSuite as -->
  <testcase classname="com.crm.vitiger.genericutility.BaseClass" name="@AfterSuite as" time="0.0">
    <ignored/>
  </testcase> <!-- @AfterSuite as -->
  <testcase classname="com.crm.vitiger.genericutility.BaseClass" name="@AfterSuite as" time="0.0">
    <ignored/>
  </testcase> <!-- @AfterSuite as -->
  <testcase classname="com.crm.vitiger.genericutility.BaseClass" name="@AfterSuite as" time="0.0">
    <ignored/>
  </testcase> <!-- @AfterSuite as -->
  <testcase classname="com.crm.vitiger.genericutility.BaseClass" name="@AfterTest at" time="0.0">
    <ignored/>
  </testcase> <!-- @AfterTest at -->
  <testcase classname="com.crm.vitiger.genericutility.BaseClass" name="@AfterTest at" time="0.0">
    <ignored/>
  </testcase> <!-- @AfterTest at -->
  <testcase classname="com.crm.vitiger.genericutility.BaseClass" name="@AfterTest at" time="0.0">
    <ignored/>
  </testcase> <!-- @AfterTest at -->
  <testcase classname="com.crm.vitiger.genericutility.BaseClass" name="@AfterTest at" time="0.0">
    <ignored/>
  </testcase> <!-- @AfterTest at -->
  <testcase classname="com.crm.vitiger.genericutility.BaseClass" name="@AfterTest at" time="0.0">
    <ignored/>
  </testcase> <!-- @AfterTest at -->
  <testcase classname="opportunitiestest.CreateOpportunitiesTC_18Test" name="createOpportunity" time="0.0">
    <ignored/>
  </testcase> <!-- createOpportunity -->
  <testcase classname="contactstest.CreateContactTest" name="CreateContact" time="0.0">
    <ignored/>
  </testcase> <!-- CreateContact -->
  <testcase classname="com.crm.vitiger.genericutility.BaseClass" name="@BeforeSuite bs" time="0.0">
    <ignored/>
  </testcase> <!-- @BeforeSuite bs -->
  <testcase classname="com.crm.vitiger.genericutility.BaseClass" name="@BeforeSuite bs" time="0.0">
    <ignored/>
  </testcase> <!-- @BeforeSuite bs -->
  <testcase classname="com.crm.vitiger.genericutility.BaseClass" name="@BeforeSuite bs" time="0.0">
    <ignored/>
  </testcase> <!-- @BeforeSuite bs -->
  <testcase classname="com.crm.vitiger.genericutility.BaseClass" name="@BeforeSuite bs" time="0.0">
    <ignored/>
  </testcase> <!-- @BeforeSuite bs -->
  <testcase classname="com.crm.vitiger.genericutility.BaseClass" name="@BeforeSuite bs" time="0.0">
    <ignored/>
  </testcase> <!-- @BeforeSuite bs -->
  <testcase classname="com.crm.vitiger.genericutility.BaseClass" name="@BeforeTest bt" time="0.0">
    <ignored/>
  </testcase> <!-- @BeforeTest bt -->
  <testcase classname="com.crm.vitiger.genericutility.BaseClass" name="@BeforeTest bt" time="0.0">
    <ignored/>
  </testcase> <!-- @BeforeTest bt -->
  <testcase classname="com.crm.vitiger.genericutility.BaseClass" name="@BeforeTest bt" time="0.0">
    <ignored/>
  </testcase> <!-- @BeforeTest bt -->
  <testcase classname="com.crm.vitiger.genericutility.BaseClass" name="@BeforeTest bt" time="0.0">
    <ignored/>
  </testcase> <!-- @BeforeTest bt -->
  <testcase classname="com.crm.vitiger.genericutility.BaseClass" name="@BeforeTest bt" time="0.0">
    <ignored/>
  </testcase> <!-- @BeforeTest bt -->
  <testcase classname="organizationtest.CreateOrganizationTest" name="LoginOrganization" time="0.0">
    <ignored/>
  </testcase> <!-- LoginOrganization -->
</testsuite> <!-- Test -->
